Sauce Cypress Runner 12.1.0
Running Cypress 13.6.3
Preparing npm environment
Finished


DevTools listening on ws://127.0.0.1:49798/devtools/browser/07f08e19-a3f3-4426-8a79-370d595de5e5
Missing baseUrl in compilerOptions. tsconfig-paths will be skipped

====================================================================================================

  (Run Starting)

  ┌────────────────────────────────────────────────────────────────────────────────────────────────┐
  │ Cypress:        13.6.3                                                                         │
  │ Browser:        Custom Chrome 121                                                              │
  │ Node Version:   v20.10.0 (D:\sauce-cypress-runner\12.1.0\bundle\node.exe)                      │
  │ Specs:          1 found (.prettierrc)                                                          │
  │ Searched:       .prettierrc                                                                    │
  └────────────────────────────────────────────────────────────────────────────────────────────────┘


────────────────────────────────────────────────────────────────────────────────────────────────────
                                                                                                    
  Running:  .prettierrc                                                                     (1 of 1)

Oops...we found an error preparing this test file:

  > .prettierrc

The error was:

Error: Webpack Compilation Error
Module parse failed: Unexpected token (2:12)
You may need an appropriate loader to handle this file type, currently no loaders are configured to process this file. See https://webpack.js.org/concepts#loaders
| {
>   "tabWidth": 4,
|   "useTabs": true,
|   "singleQuote": true
    at handle (D:\sauce-cypress-runner\12.1.0\bundle\Cache\13.6.3\Cypress\resources\app\node_modules\@packages\server\node_modules\@cypress\webpack-preprocessor\dist\index.js:212:23)
    at finalCallback (D:\sauce-cypress-runner\12.1.0\bundle\Cache\13.6.3\Cypress\resources\app\node_modules\webpack\lib\Compiler.js:441:32)
    at D:\sauce-cypress-runner\12.1.0\bundle\Cache\13.6.3\Cypress\resources\app\node_modules\webpack\lib\Compiler.js:505:17
    at D:\sauce-cypress-runner\12.1.0\bundle\Cache\13.6.3\Cypress\resources\app\node_modules\webpack\lib\HookWebpackError.js:68:3
    at Hook.eval [as callAsync] (eval at create (D:\sauce-cypress-runner\12.1.0\bundle\Cache\13.6.3\Cypress\resources\app\node_modules\tapable\lib\HookCodeFactory.js:33:10), <anonymous>:6:1)
    at Hook.CALL_ASYNC_DELEGATE [as _callAsync] (D:\sauce-cypress-runner\12.1.0\bundle\Cache\13.6.3\Cypress\resources\app\node_modules\tapable\lib\Hook.js:18:14)
    at Cache.storeBuildDependencies (D:\sauce-cypress-runner\12.1.0\bundle\Cache\13.6.3\Cypress\resources\app\node_modules\webpack\lib\Cache.js:122:37)
    at D:\sauce-cypress-runner\12.1.0\bundle\Cache\13.6.3\Cypress\resources\app\node_modules\webpack\lib\Compiler.js:501:19
    at Hook.eval [as callAsync] (eval at create (D:\sauce-cypress-runner\12.1.0\bundle\Cache\13.6.3\Cypress\resources\app\node_modules\tapable\lib\HookCodeFactory.js:33:10), <anonymous>:6:1)
    at Hook.CALL_ASYNC_DELEGATE [as _callAsync] (D:\sauce-cypress-runner\12.1.0\bundle\Cache\13.6.3\Cypress\resources\app\node_modules\tapable\lib\Hook.js:18:14)
    at D:\sauce-cypress-runner\12.1.0\bundle\Cache\13.6.3\Cypress\resources\app\node_modules\webpack\lib\Compiler.js:498:23
    at Compiler.emitRecords (D:\sauce-cypress-runner\12.1.0\bundle\Cache\13.6.3\Cypress\resources\app\node_modules\webpack\lib\Compiler.js:919:5)
    at D:\sauce-cypress-runner\12.1.0\bundle\Cache\13.6.3\Cypress\resources\app\node_modules\webpack\lib\Compiler.js:490:11
    at D:\sauce-cypress-runner\12.1.0\bundle\Cache\13.6.3\Cypress\resources\app\node_modules\webpack\lib\Compiler.js:885:14
    at Hook.eval [as callAsync] (eval at create (D:\sauce-cypress-runner\12.1.0\bundle\Cache\13.6.3\Cypress\resources\app\node_modules\tapable\lib\HookCodeFactory.js:33:10), <anonymous>:6:1)
    at Hook.CALL_ASYNC_DELEGATE [as _callAsync] (D:\sauce-cypress-runner\12.1.0\bundle\Cache\13.6.3\Cypress\resources\app\node_modules\tapable\lib\Hook.js:18:14)
    at D:\sauce-cypress-runner\12.1.0\bundle\Cache\13.6.3\Cypress\resources\app\node_modules\webpack\lib\Compiler.js:882:27
    at D:\sauce-cypress-runner\12.1.0\bundle\Cache\13.6.3\Cypress\resources\app\node_modules\neo-async\async.js:2818:7
    at done (D:\sauce-cypress-runner\12.1.0\bundle\Cache\13.6.3\Cypress\resources\app\node_modules\neo-async\async.js:3522:9)
    at Hook.eval [as callAsync] (eval at create (D:\sauce-cypress-runner\12.1.0\bundle\Cache\13.6.3\Cypress\resources\app\node_modules\tapable\lib\HookCodeFactory.js:33:10), <anonymous>:6:1)
    at Hook.CALL_ASYNC_DELEGATE [as _callAsync] (D:\sauce-cypress-runner\12.1.0\bundle\Cache\13.6.3\Cypress\resources\app\node_modules\tapable\lib\Hook.js:18:14)
    at D:\sauce-cypress-runner\12.1.0\bundle\Cache\13.6.3\Cypress\resources\app\node_modules\webpack\lib\Compiler.js:736:33
    at D:\sauce-cypress-runner\12.1.0\bundle\Cache\13.6.3\Cypress\resources\app\node_modules\graceful-fs\graceful-fs.js:143:16
    at D:\sauce-cypress-runner\12.1.0\bundle\Cache\13.6.3\Cypress\resources\app\node_modules\@packages\server\node_modules\graceful-fs\graceful-fs.js:143:16
    at D:\sauce-cypress-runner\12.1.0\bundle\Cache\13.6.3\Cypress\resources\app\node_modules\@packages\server\node_modules\graceful-fs\graceful-fs.js:143:16
    at D:\sauce-cypress-runner\12.1.0\bundle\Cache\13.6.3\Cypress\resources\app\node_modules\@packages\server\node_modules\graceful-fs\graceful-fs.js:61:14
    at FSReqCallback.oncomplete (node:fs:189:23)

This occurred while Cypress was compiling and bundling your test code. This is usually caused by:

- A missing file or dependency
- A syntax error in the file or one of its dependencies

Fix the error in your code and re-run your tests.

  (Results)

  ┌────────────────────────────────────────────────────────────────────────────────────────────────┐
  │ Tests:        0                                                                                │
  │ Passing:      0                                                                                │
  │ Failing:      1                                                                                │
  │ Pending:      0                                                                                │
  │ Skipped:      0                                                                                │
  │ Screenshots:  0                                                                                │
  │ Video:        false                                                                            │
  │ Duration:     0 seconds                                                                        │
  │ Spec Ran:     .prettierrc                                                                      │
  └────────────────────────────────────────────────────────────────────────────────────────────────┘


====================================================================================================

  (Run Finished)


       Spec                                              Tests  Passing  Failing  Pending  Skipped  
  ┌────────────────────────────────────────────────────────────────────────────────────────────────┐
  │ ×  .prettierrc                                0ms        -        -        1        -        - │
  └────────────────────────────────────────────────────────────────────────────────────────────────┘
    ×  1 of 1 failed (100%)                       0ms        -        -        1        -        -  

Failed to generate junit file: Error: ENOENT: no such file or directory, open 'D:\sauce-cypress-runner\12.1.0\bundle\__project__\__assets__\.prettierrc.xml'
    at Object.readFileSync (node:fs:453:20)
    at mergeJunitFile (D:\sauce-cypress-runner\12.1.0\bundle\lib\sauce-reporter.js:18:38)
    at report (D:\sauce-cypress-runner\12.1.0\bundle\lib\cypress-runner.js:28:45)
    at cypressRunner (D:\sauce-cypress-runner\12.1.0\bundle\lib\cypress-runner.js:212:18) {
  errno: -4058,
  code: 'ENOENT',
  syscall: 'open',
  path: 'D:\\sauce-cypress-runner\\12.1.0\\bundle\\__project__\\__assets__\\.prettierrc.xml'
}
