Sauce Cypress Runner 12.1.0
Running Cypress 13.6.3
Preparing npm environment
Finished


DevTools listening on ws://127.0.0.1:49841/devtools/browser/feba61e6-313b-4c3e-8c65-96ee4d1f2c14
Missing baseUrl in compilerOptions. tsconfig-paths will be skipped

====================================================================================================

  (Run Starting)

  ┌────────────────────────────────────────────────────────────────────────────────────────────────┐
  │ Cypress:        13.6.3                                                                         │
  │ Browser:        Custom Chrome 121                                                              │
  │ Node Version:   v20.10.0 (D:\sauce-cypress-runner\12.1.0\bundle\node.exe)                      │
  │ Specs:          1 found (expanding-cards.spec.js)                                              │
  │ Searched:       cypress/e2e/expanding-cards.spec.js                                            │
  └────────────────────────────────────────────────────────────────────────────────────────────────┘


────────────────────────────────────────────────────────────────────────────────────────────────────
                                                                                                    
  Running:  expanding-cards.spec.js                                                         (1 of 1)


  Expanding Cards page
    √ Correct URL
    √ Validate Elements and Text


  2 passing (2s)


  (Results)

  ┌────────────────────────────────────────────────────────────────────────────────────────────────┐
  │ Tests:        2                                                                                │
  │ Passing:      2                                                                                │
  │ Failing:      0                                                                                │
  │ Pending:      0                                                                                │
  │ Skipped:      0                                                                                │
  │ Screenshots:  0                                                                                │
  │ Video:        false                                                                            │
  │ Duration:     1 second                                                                         │
  │ Spec Ran:     expanding-cards.spec.js                                                          │
  └────────────────────────────────────────────────────────────────────────────────────────────────┘


====================================================================================================

  (Run Finished)


       Spec                                              Tests  Passing  Failing  Pending  Skipped  
  ┌────────────────────────────────────────────────────────────────────────────────────────────────┐
  │ √  expanding-cards.spec.js                  00:01        2        2        -        -        - │
  └────────────────────────────────────────────────────────────────────────────────────────────────┘
    √  All specs passed!                        00:01        2        2        -        -        -  

