Sauce Cypress Runner 12.1.0
Running Cypress 13.6.3
Preparing npm environment
Finished

DevTools listening on ws://127.0.0.1:49191/devtools/browser/bc463ce9-84fa-4ea9-a65d-4f7cb927549c
Missing baseUrl in compilerOptions. tsconfig-paths will be skipped

Opening `/dev/tty` failed (6): Device not configured
tput: No value for $TERM and no -T specified
================================================================================

  (Run Starting)

  ┌────────────────────────────────────────────────────────────────────────────────────────────────┐
  │ Cypress:        13.6.3                                                                         │
  │ Browser:        Custom Firefox 121                                                             │
  │ Node Version:   v20.10.0 (/Volumes/Sauce/saucectl-runners/sauce-cypress-runner/12.1.0/bundle/n │
  │                 ode)                                                                           │
  │ Specs:          1 found (form-wave.spec.cy.js)                                                 │
  │ Searched:       cypress/e2e/form-wave.spec.cy.js                                               │
  └────────────────────────────────────────────────────────────────────────────────────────────────┘


────────────────────────────────────────────────────────────────────────────────────────────────────
                                                                                                    
  Running:  form-wave.spec.cy.js                                                            (1 of 1)


  Form-Wave
    ✓ Happy Path
    1) Sad Path
- expected:  '1px red'
+ actual:  undefined
  57 |         cy.get('body').click()
  58 | 
> 59 |         cy.get('@username').should('have.attr', 'border', '1px red')
     |                             ^
  60 |         cy.get('@password').should('have.attr', 'border', '1px red')
  61 |     })
  62 | })
Timed out retrying after 4000ms: expected '<input>' to have attribute 'border'


  1 passing (8s)
  1 failing

  1) Form-Wave
       Sad Path:
     AssertionError: Timed out retrying after 4000ms: expected '<input>' to have attribute 'border'
      at  (webpack:///./cypress/e2e/form-wave.spec.cy.js:59:28)
      at __webpack_modules__</setRunnable/runnable.fn (https://50projects50days.com/__cypress/runner/cypress_runner.js:138559:43)
      at callFn (https://50projects50days.com/__cypress/runner/cypress_runner.js:157180:21)
      at __webpack_modules__</Runnable.prototype.run (https://50projects50days.com/__cypress/runner/cypress_runner.js:157167:13)
      at __webpack_modules__</create/onRunnableRun (https://50projects50days.com/__cypress/runner/cypress_runner.js:163091:30)
      at finallyHandler (https://50projects50days.com/__cypress/runner/cypress_runner.js:4072:23)
      at tryCatcher (https://50projects50days.com/__cypress/runner/cypress_runner.js:1807:23)
      at __webpack_modules__</module.exports/Promise.prototype._settlePromiseFromHandler (https://50projects50days.com/__cypress/runner/cypress_runner.js:1519:31)
      at __webpack_modules__</module.exports/Promise.prototype._settlePromise (https://50projects50days.com/__cypress/runner/cypress_runner.js:1576:18)
      at __webpack_modules__</module.exports/Promise.prototype._settlePromise0 (https://50projects50days.com/__cypress/runner/cypress_runner.js:1621:10)
      at __webpack_modules__</module.exports/Promise.prototype._settlePromises (https://50projects50days.com/__cypress/runner/cypress_runner.js:1701:18)
      at _drainQueueStep (https://50projects50days.com/__cypress/runner/cypress_runner.js:2407:12)
      at _drainQueue (https://50projects50days.com/__cypress/runner/cypress_runner.js:2400:24)
      at __webpack_modules__</Async.prototype._drainQueues (https://50projects50days.com/__cypress/runner/cypress_runner.js:2416:16)
      at __webpack_modules__</Async/this.drainQueues (https://50projects50days.com/__cypress/runner/cypress_runner.js:2286:14)




  (Results)

  ┌────────────────────────────────────────────────────────────────────────────────────────────────┐
  │ Tests:        2                                                                                │
  │ Passing:      1                                                                                │
  │ Failing:      1                                                                                │
  │ Pending:      0                                                                                │
  │ Skipped:      0                                                                                │
  │ Screenshots:  1                                                                                │
  │ Video:        false                                                                            │
  │ Duration:     7 seconds                                                                        │
  │ Spec Ran:     form-wave.spec.cy.js                                                             │
  └────────────────────────────────────────────────────────────────────────────────────────────────┘


  (Screenshots)

  -  /Volumes/Sauce/saucectl-runners/sauce-cypress-runner/12.1.0/bundle/__project__/_     (1024x658)
     _assets__/form-wave.spec.cy.js/Form-Wave -- Sad Path (failed).png                              


Opening `/dev/tty` failed (6): Device not configured
================================================================================

tput: No value for $TERM and no -T specified
  (Run Finished)


       Spec                                              Tests  Passing  Failing  Pending  Skipped  
  ┌────────────────────────────────────────────────────────────────────────────────────────────────┐
  │ ✖  form-wave.spec.cy.js                     00:07        2        1        1        -        - │
  └────────────────────────────────────────────────────────────────────────────────────────────────┘
    ✖  1 of 1 failed (100%)                     00:07        2        1        1        -        -  

