Sauce Cypress Runner 12.1.0
Running Cypress 13.6.3
Preparing npm environment
Finished


DevTools listening on ws://127.0.0.1:49801/devtools/browser/76fda4e3-5d53-471d-9588-d2cd38d7f208
Missing baseUrl in compilerOptions. tsconfig-paths will be skipped

====================================================================================================

  (Run Starting)

  ┌────────────────────────────────────────────────────────────────────────────────────────────────┐
  │ Cypress:        13.6.3                                                                         │
  │ Browser:        Custom Chrome 121                                                              │
  │ Node Version:   v20.10.0 (D:\sauce-cypress-runner\12.1.0\bundle\node.exe)                      │
  │ Specs:          1 found (expanding-cards.spec.js)                                              │
  │ Searched:       cypress/e2e/expanding-cards.spec.js                                            │
  └────────────────────────────────────────────────────────────────────────────────────────────────┘


────────────────────────────────────────────────────────────────────────────────────────────────────
                                                                                                    
  Running:  expanding-cards.spec.js                                                         (1 of 1)


  Expanding Cards page
    √ Correct URL


  1 passing (2s)


  (Results)

  ┌────────────────────────────────────────────────────────────────────────────────────────────────┐
  │ Tests:        1                                                                                │
  │ Passing:      1                                                                                │
  │ Failing:      0                                                                                │
  │ Pending:      0                                                                                │
  │ Skipped:      0                                                                                │
  │ Screenshots:  0                                                                                │
  │ Video:        false                                                                            │
  │ Duration:     2 seconds                                                                        │
  │ Spec Ran:     expanding-cards.spec.js                                                          │
  └────────────────────────────────────────────────────────────────────────────────────────────────┘


====================================================================================================

  (Run Finished)


       Spec                                              Tests  Passing  Failing  Pending  Skipped  
  ┌────────────────────────────────────────────────────────────────────────────────────────────────┐
  │ √  expanding-cards.spec.js                  00:02        1        1        -        -        - │
  └────────────────────────────────────────────────────────────────────────────────────────────────┘
    √  All specs passed!                        00:02        1        1        -        -        -  

